1:
3.6
3.3
3.7
4.4
3.8
3.7
3.2
3.7
3.9
3.6
3.3
3.6
3.8
3.9
3.0
4.1
3.6
4.3
4.0
3.9
3.2
4.6
3.5
10:
3.3
3.2
1000:
3.5
3.3
2.8
4.4
3.9
3.6
3.5
3.9
3.3
3.1
3.5
3.6
3.5
4.2
4.0
3.3
3.2
3.4
3.5
3.9
3.5
4.0
2.9
3.3
4.0
3.4
3.7
10000:
4.0
3.9
10001:
3.5
4.1
3.8
3.2
4.2
3.4
3.5
3.8
3.8
3.8
3.9
4.0
3.1
4.1
3.6
3.6
4.1
10002:
4.3
3.8
4.5
4.2
10003:
3.2
10004:
4.5
4.0
3.8
3.8
4.1
3.9
4.0
4.0
3.9
3.8
4.0
3.6
4.1
3.6
3.9
3.9
4.0
4.1
4.2
3.7
4.0
3.8
3.7
4.0
4.7
3.5
4.0
4.0
3.7
4.3
4.0
10005:
3.6
4.0
3.5
3.4
3.3
10006:
4.1
3.9
4.2
3.5
10007:
3.0
3.5
3.1
3.1
2.7
3.3
3.1
3.4
3.2
3.4
3.1
3.3
3.1
10008:
4.3
3.6
4.1
2.9
4.2
3.9
3.7
10009:
3.3
3.5
4.4
3.1
3.0
3.7
1001:
4.1
3.6
3.4
3.4
4.0
3.9
3.8
3.5
3.1
3.7
3.7
3.8
3.2
3.7
3.7
3.6
3.9
3.7
3.2
3.4
3.2
3.8
3.5
3.1
3.5
3.4
3.6
3.6
3.9
4.0
3.7
4.4
3.3
3.5
3.6
3.6
4.0
3.1
3.2
3.8
3.9
3.2
3.8
3.9
4.0
3.7
3.5
3.4
3.3
4.1
3.3
2.8
3.0
3.7
3.8
4.1
3.3
3.6
3.6
3.4
3.7
3.4
3.3
3.2
3.9
3.2
3.1
3.3
3.9
3.6
3.2
3.4
3.6
3.2
3.6
3.8
2.9
3.0
3.5
3.6
3.8
3.9
3.0
3.7
3.5
3.4
3.6
4.0
3.5
3.2
4.1
3.5
3.8
3.9
3.3
3.1
3.4
3.3
3.5
3.5
3.6
3.6
3.3
3.3
3.6
3.5
3.7
3.8
3.7
3.1
3.3
3.5
3.6
3.3
3.4
3.1
3.2
3.8
3.7
3.2
3.5
3.6
3.4
3.6
3.4
3.5
3.4
3.9
3.6
3.4
3.6
3.8
3.6
3.4
10010:
3.1
3.0
3.0
3.6
3.4
3.1
3.1
3.0
2.8
3.3
2.9
2.9
3.0
2.7
3.5
3.0
2.8
3.3
2.5
3.1
2.7
2.9
2.8
10011:
3.9
3.7
10012:
3.4
4.1
3.4
3.6
3.9
3.8
3.1
3.7
3.5
3.6
4.0
3.6
3.4
10013:
3.7
3.4
3.8
3.9
3.5
3.6
3.5
3.4
3.4
3.8
3.1
4.0
3.4
3.7
3.5
3.5
3.2
3.3
3.6
3.3
3.4
2.9
3.5
3.7
3.9
3.4
3.6
3.1
3.3
3.5
3.4
3.1
3.3
3.9
3.4
3.2
3.7
4.1
3.9
3.0
3.9
3.5
3.6
3.5
3.5
3.1
3.4
3.5
3.2
3.8
3.3
3.5
3.6
3.8
3.4
3.1
4.0
10014:
3.4
4.0
3.1
3.7
3.2
10015:
3.7
3.4
3.5
3.4
3.8
4.0
4.2
3.6
3.8
3.6
3.8
3.6
3.7
4.2
4.2
3.6
3.8
3.8
3.6
3.9
4.6
4.0
4.3
3.8
3.4
3.1
3.9
3.5
10016:
3.3
2.8
2.9
3.3
3.9
10017:
3.4
3.4
3.4
10018:
4.2
4.1
3.5
3.4
3.8
3.5
3.6
3.5
3.0
3.9
4.1
3.9
3.8
4.0
3.5
3.7
3.5
3.6
3.7
3.8
3.7
3.7
3.9
4.0
3.8
3.8
3.6
3.8
3.8
4.1
10019:
3.5
3.3
3.8
3.3
4.2
4.1
3.5
3.0
3.8
3.5
4.3
3.2
3.3
3.4
3.8
3.7
3.8
3.6
3.5
4.2
3.8
3.8
3.8
3.7
3.9
3.7
3.4
3.4
3.5
3.8
3.5
3.5
3.7
3.9
3.6
4.0
2.7
3.6
3.9
3.8
3.9
4.1
3.7
3.8
4.1
3.1
3.8
4.0
3.8
3.6
3.4
3.5
3.9
3.5
3.4
3.3
3.1
3.3
4.1
3.4
3.2
3.6
3.4
3.5
3.8
4.5
3.5
4.5
3.7
1002:
3.4
3.1
3.5
3.6
3.4
3.6
3.8
2.8
3.5
3.5
4.0
3.5
3.6
3.2
10020:
3.7
3.8
3.7
4.0
3.6
3.6
3.8
3.9
4.0
3.9
3.7
4.5
3.7
3.8
3.8
3.8
4.0
3.5
4.0
3.6
4.1
3.4
3.7
3.6
3.3
2.7
4.0
10021:
3.0
3.4
3.3
2.3
10022:
2.7
3.6
3.3
3.2
3.7
3.5
3.1
3.1
10023:
3.9
3.8
3.8
3.6
4.3
3.6
3.4
3.6
3.6
3.9
4.2
10024:
3.7
3.9
3.4
4.0
3.4
3.5
3.6
3.4
3.8
3.7
10025:
3.3
10027:
4.3
3.7
3.8
3.9
3.2
3.8
3.5
4.1
3.1
4.0
3.7
3.9
4.2
3.4
4.0
4.0
3.6
4.1
4.0
3.9
3.8
3.9
3.8
2.8
4.0
4.0
4.0
4.2
4.5
4.4
4.4
4.0
3.2
3.8
4.0
4.3
4.5
4.1
4.0
3.5
4.2
4.1
4.6
3.8
3.6
4.1
4.1
2.9
4.2
4.1
3.9
4.2
3.5
3.5
3.5
4.1
3.6
3.7
4.3
4.0
3.9
3.6
3.8
3.5
4.1
4.5
3.4
4.2
3.3
4.0
4.0
4.0
3.8
4.2
4.4
3.8
4.1
4.0
3.2
3.8
4.3
4.2
3.4
3.9
4.1
4.2
3.9
3.9
10028:
3.5
3.6
3.4
4.2
4.1
3.2
4.2
10029:
3.3
4.2
4.0
3.2
10031:
3.6
3.1
3.8
3.0
4.0
3.4
3.1
2.8
3.4
10032:
3.4
4.5
4.3
4.2
3.9
3.1
3.6
3.7
3.9
3.0
3.3
4.1
4.5
3.7
4.2
2.8
3.8
4.0
3.5
3.8
3.3
3.7
3.5
3.9
3.8
3.2
3.4
3.6
4.1
3.6
3.8
3.9
4.1
4.2
3.7
4.0
3.8
3.4
3.7
3.6
3.9
2.8
3.2
3.9
3.7
3.8
4.0
10033:
3.8
3.7
3.1
3.8
3.4
3.2
3.1
3.3
3.9
3.3
3.6
3.6
4.4
3.9
10034:
2.6
3.1
10035:
3.4
4.2
4.4
4.0
4.2
4.1
3.6
3.5
3.6
3.3
3.8
3.7
3.9
4.1
3.6
3.9
3.8
4.0
4.1
4.6
10036:
3.4
3.4
3.5
3.3
3.7
3.5
3.2
3.6
3.1
3.2
3.4
3.6
3.9
3.8
4.3
3.9
3.6
3.9
3.0
3.0
3.7
3.4
3.9
3.8
3.8
4.0
3.7
3.7
3.8
3.1
3.6
3.3
3.2
3.4
3.4
3.5
3.7
3.7
3.5
3.8
3.5
3.7
4.1
3.8
3.8
3.9
4.3
4.2
3.3
3.9
3.4
3.7
3.6
3.2
3.5
4.1
3.3
4.4
3.4
3.9
3.8
4.1
3.3
4.1
3.3
4.2
3.5
3.7
3.7
3.9
4.3
3.9
3.7
3.4
3.8
4.1
3.9
3.4
3.9
4.0
3.6
3.5
4.3
3.8
3.1
3.7
3.5
3.8
3.7
3.6
3.4
4.0
3.6
3.9
3.6
3.4
3.4
3.8
3.5
4.0
4.0
3.7
3.5
4.2
3.4
3.1
3.7
3.3
3.4
3.6
3.7
3.4
3.4
3.8
3.5
3.7
4.2
3.4
3.5
3.8
3.7
3.7
3.8
3.6
3.8
3.4
3.9
4.1
3.5
3.4
3.9
3.3
3.3
3.9
3.5
3.4
3.8
3.7
4.0
3.2
4.2
4.0
3.4
3.7
3.4
4.3
3.4
3.7
3.4
3.3
3.9
3.8
3.9
3.5
3.7
3.5
4.3
3.5
3.8
4.1
3.9
3.4
3.8
3.9
3.7
3.7
3.9
4.0
3.7
3.5
3.5
3.5
4.0
3.5
3.8
3.8
3.6
3.7
3.8
4.0
3.6
4.1
3.3
3.7
4.4
3.6
3.6
3.6
3.8
3.7
3.8
3.3
3.8
4.3
3.9
3.1
3.6
3.8
3.3
3.7
3.7
3.7
3.5
3.7
3.1
4.4
3.7
3.8
3.3
3.6
3.7
3.5
4.2
3.5
3.5
10037:
3.9
3.4
3.5
3.6
3.4
4.1
3.6
3.2
3.4
3.8
3.4
3.5
3.5
3.6
10038:
4.1
3.6
3.4
3.6
3.4
3.8
3.3
3.2
10039:
2.7
1004:
2.9
2.9
3.0
3.1
3.5
3.3
3.3
3.8
2.8
3.1
3.5
3.7
3.5
3.3
3.1
2.7
3.3
3.4
3.1
3.2
3.5
3.1
3.1
2.4
3.0
2.8
3.2
3.3
3.0
3.4
3.4
10040:
3.4
3.4
3.8
10041:
3.7
3.1
3.5
3.1
3.4
3.4
3.6
3.5
3.1
3.1
2.3
3.6
3.8
3.2
3.6
3.8
3.6
3.1
3.3
3.0
3.5
3.3
3.2
3.3
3.5
3.1
3.4
3.3
3.7
3.2
3.6
10042:
4.2
4.0
4.1
3.9
4.2
4.3
4.6
3.9
4.6
3.9
4.3
3.8
4.5
4.1
4.0
4.4
4.3
4.4
4.2
4.0
4.1
4.6
3.6
4.4
4.3
4.6
4.3
3.3
4.5
4.1
4.0
4.5
4.3
4.4
4.2
4.5
4.0
4.2
3.7
3.7
4.2
3.2
4.0
3.8
4.0
4.4
4.1
3.9
4.1
4.1
4.1
4.5
4.2
3.6
4.5
4.3
4.0
4.3
3.9
4.4
4.3
4.3
4.1
4.1
3.5
3.4
3.7
4.5
4.4
3.7
4.0
3.8
4.1
3.8
3.7
4.4
4.4
4.1
4.4
4.2
3.7
4.1
4.3
4.2
4.4
4.0
4.1
4.5
3.5
4.4
3.7
4.3
4.8
4.1
4.4
4.5
4.1
4.1
4.2
4.1
4.3
4.5
3.9
4.7
4.5
4.0
4.0
4.1
4.3
4.0
4.0
4.1
3.7
4.3
3.9
3.9
4.0
4.1
4.5
4.6
4.0
4.5
4.0
4.6
4.4
4.6
3.5
4.0
4.2
3.8
3.7
4.2
4.0
3.1
4.0
3.8
4.7
4.7
3.9
4.5
4.1
4.7
4.1
4.4
4.1
4.3
4.5
3.6
3.7
4.1
3.9
4.2
4.7
4.4
4.3
4.1
4.4
3.9
3.8
4.2
3.4
4.4
3.8
4.4
4.2
4.2
3.8
4.0
4.4
4.0
4.4
4.6
3.6
4.0
4.4
4.0
4.3
4.6
4.7
4.2
3.9
4.3
4.6
4.0
4.0
4.6
3.9
3.4
3.9
4.3
3.9
3.4
4.3
4.0
4.4
4.5
4.2
4.0
4.3
4.4
4.2
4.4
3.9
4.2
4.5
2.6
4.2
4.2
4.2
3.8
4.3
3.7
4.3
4.4
4.5
4.3
4.3
4.2
4.1
4.3
4.0
4.3
4.4
4.2
4.1
4.3
4.2
3.9
4.3
4.1
4.3
4.3
4.2
3.8
4.5
4.4
4.4
4.1
4.3
4.0
3.8
4.5
4.2
4.3
4.1
4.0
4.7
4.2
3.7
4.3
3.7
4.1
4.7
4.1
4.4
3.8
3.7
4.2
4.5
3.9
3.9
3.7
4.0
4.6
3.7
3.8
4.2
4.2
3.9
3.9
4.3
4.3
4.4
4.3
3.5
4.0
4.1
4.3
4.1
4.0
4.4
4.1
4.5
3.9
4.5
3.8
3.9
4.6
3.9
4.2
4.0
4.1
4.5
4.0
4.2
3.8
3.8
4.1
4.4
4.0
4.2
4.4
4.3
4.3
3.8
4.2
4.4
4.4
4.5
4.3
4.1
3.9
4.3
3.9
4.1
4.5
4.2
3.6
4.3
3.9
4.3
4.0
4.4
4.2
4.3
4.5
4.1
4.1
4.6
4.4
4.3
4.4
3.6
4.4
4.1
4.2
4.5
4.7
4.1
4.3
4.5
4.5
4.5
4.8
3.7
4.5
4.3
4.7
3.8
4.1
4.5
3.9
4.3
3.9
3.7
4.3
4.0
4.5
4.4
4.2
4.3
4.0
4.4
3.8
4.2
4.4
3.8
3.8
4.6
4.1
4.4
4.4
4.2
4.1
RMSE: 0.89
